<?xml version="1.0" encoding="UTF-8"?>
<testsuite name="ru.ac.uniyar.testingcourse.conference.Testing" tests="6" skipped="0" failures="0" errors="0" timestamp="2024-05-28T15:19:19" hostname="COMPUTER" time="0.041">
  <properties/>
  <testcase name="testRegisterParticipant()" classname="ru.ac.uniyar.testingcourse.conference.Testing" time="0.025"/>
  <testcase name="testRegisterParticipantAlreadyRegistered()" classname="ru.ac.uniyar.testingcourse.conference.Testing" time="0.002"/>
  <testcase name="testRegisterParticipantBlacklisted()" classname="ru.ac.uniyar.testingcourse.conference.Testing" time="0.002"/>
  <testcase name="testBudget()" classname="ru.ac.uniyar.testingcourse.conference.Testing" time="0.004"/>
  <testcase name="testMarkFeePaid()" classname="ru.ac.uniyar.testingcourse.conference.Testing" time="0.001"/>
  <testcase name="testAddAndRemoveFromBlacklist()" classname="ru.ac.uniyar.testingcourse.conference.Testing" time="0.002"/>
  <system-out><![CDATA[]]></system-out>
  <system-err><![CDATA[]]></system-err>
</testsuite>
